{"level":"info","message":"Server is running on port 3001","service":"identity-service","timestamp":"2025-06-19T05:35:45.147Z"}
{"level":"info","message":"Connected to MongoDB","service":"identity-service","timestamp":"2025-06-19T05:35:45.161Z"}
{"level":"info","message":"Received POST request for /api/auth/register","service":"identity-service","timestamp":"2025-06-19T05:39:09.388Z"}
{"level":"info","message":"Request body: {\"username\":\"uday\",\"email\":\"u@u.com\",\"password\":\"TEST@123test\"}","service":"identity-service","timestamp":"2025-06-19T05:39:09.389Z"}
{"level":"info","message":"Register user","service":"identity-service","timestamp":"2025-06-19T05:39:09.392Z"}
{"0":"\"","1":"u","10":" ","11":"l","12":"e","13":"n","14":"g","15":"t","16":"h","17":" ","18":"m","19":"u","2":"s","20":"s","21":"t","22":" ","23":"b","24":"e","25":" ","26":"a","27":"t","28":" ","29":"l","3":"e","30":"e","31":"a","32":"s","33":"t","34":" ","35":"6","36":" ","37":"c","38":"h","39":"a","4":"r","40":"r","41":"a","42":"c","43":"t","44":"e","45":"r","46":"s","47":" ","48":"l","49":"o","5":"n","50":"n","51":"g","6":"a","7":"m","8":"e","9":"\"","level":"warn","message":"Validation error","service":"identity-service","timestamp":"2025-06-19T05:39:09.396Z"}
{"level":"info","message":"Received POST request for /api/auth/register","service":"identity-service","timestamp":"2025-06-19T05:39:35.247Z"}
{"level":"info","message":"Request body: {\"username\":\"uday kumar\",\"email\":\"u@u.com\",\"password\":\"TEST@123test\"}","service":"identity-service","timestamp":"2025-06-19T05:39:35.247Z"}
{"level":"info","message":"Register user","service":"identity-service","timestamp":"2025-06-19T05:39:35.248Z"}
{"buffer":{"data":[104,83,162,151,237,195,224,108,236,126,116,11],"type":"Buffer"},"level":"info","message":"User created","service":"identity-service","timestamp":"2025-06-19T05:39:35.289Z"}
{"level":"info","message":"Received POST request for /api/auth/register","service":"identity-service","timestamp":"2025-06-19T05:41:54.989Z"}
{"level":"info","message":"Request body: {\"username\":\"uday kumar\",\"email\":\"u@u.com\",\"password\":\"TEST@123test\"}","service":"identity-service","timestamp":"2025-06-19T05:41:54.990Z"}
{"level":"info","message":"Register user","service":"identity-service","timestamp":"2025-06-19T05:41:54.991Z"}
{"level":"warn","message":"User already exists","service":"identity-service","timestamp":"2025-06-19T05:41:54.995Z"}
{"level":"info","message":"Received POST request for /api/auth/register","service":"identity-service","timestamp":"2025-06-19T05:42:12.735Z"}
{"level":"info","message":"Request body: {\"username\":\"uday Shanker Purbey\",\"email\":\"u@u.com\",\"password\":\"TEST@123test\"}","service":"identity-service","timestamp":"2025-06-19T05:42:12.735Z"}
{"level":"info","message":"Register user","service":"identity-service","timestamp":"2025-06-19T05:42:12.736Z"}
{"level":"warn","message":"User already exists","service":"identity-service","timestamp":"2025-06-19T05:42:12.738Z"}
{"level":"info","message":"Received POST request for /api/auth/register","service":"identity-service","timestamp":"2025-06-19T05:45:37.255Z"}
{"level":"info","message":"Request body: {\"username\":\"uday Shanker Purbey\",\"email\":\"uday@uday.com\",\"password\":\"TEST@123test\"}","service":"identity-service","timestamp":"2025-06-19T05:45:37.256Z"}
{"level":"info","message":"Register user","service":"identity-service","timestamp":"2025-06-19T05:45:37.257Z"}
{"buffer":{"data":[104,83,164,1,237,195,224,108,236,126,116,18],"type":"Buffer"},"level":"info","message":"User created","service":"identity-service","timestamp":"2025-06-19T05:45:37.260Z"}
{"level":"info","message":"Server is running on port 3001","service":"identity-service","timestamp":"2025-06-19T06:03:05.446Z"}
{"level":"info","message":"Connected to MongoDB","service":"identity-service","timestamp":"2025-06-19T06:03:05.457Z"}
{"level":"info","message":"Server is running on port 3001","service":"identity-service","timestamp":"2025-06-19T06:22:43.920Z"}
{"level":"info","message":"Connected to MongoDB","service":"identity-service","timestamp":"2025-06-19T06:22:43.931Z"}
{"level":"info","message":"Server is running on port 3001","service":"identity-service","timestamp":"2025-06-19T09:20:03.419Z"}
{"level":"info","message":"Connected to MongoDB","service":"identity-service","timestamp":"2025-06-19T09:20:03.430Z"}
{"level":"info","message":"Server is running on port 3001","service":"identity-service","timestamp":"2025-06-19T09:20:07.669Z"}
{"level":"info","message":"Connected to MongoDB","service":"identity-service","timestamp":"2025-06-19T09:20:07.679Z"}
{"level":"info","message":"Received GET request for /v1/auth/register","service":"identity-service","timestamp":"2025-06-19T09:23:33.814Z"}
{"level":"info","message":"Request body: undefined","service":"identity-service","timestamp":"2025-06-19T09:23:33.815Z"}
{"level":"info","message":"Received POST request for /api/auth/register","service":"identity-service","timestamp":"2025-06-19T09:35:00.661Z"}
{"level":"info","message":"Request body: {\"username\":\"uday Shanker Purbey\",\"email\":\"uday@uday.com\",\"password\":\"TEST@123test\"}","service":"identity-service","timestamp":"2025-06-19T09:35:00.661Z"}
{"level":"info","message":"Register user","service":"identity-service","timestamp":"2025-06-19T09:35:00.662Z"}
{"level":"warn","message":"User already exists","service":"identity-service","timestamp":"2025-06-19T09:35:00.669Z"}
{"level":"info","message":"Received POST request for /api/auth/register","service":"identity-service","timestamp":"2025-06-19T09:39:06.687Z"}
{"level":"info","message":"Request body: {\"username\":\"uday Shanker Purbey\",\"email\":\"uday@uday.com\",\"password\":\"TEST@123test\"}","service":"identity-service","timestamp":"2025-06-19T09:39:06.687Z"}
{"level":"info","message":"Register user","service":"identity-service","timestamp":"2025-06-19T09:39:06.688Z"}
{"level":"warn","message":"User already exists","service":"identity-service","timestamp":"2025-06-19T09:39:06.690Z"}
{"level":"info","message":"Server is running on port 3001","service":"identity-service","timestamp":"2025-06-19T09:43:23.649Z"}
{"level":"info","message":"Connected to MongoDB","service":"identity-service","timestamp":"2025-06-19T09:43:23.659Z"}
{"level":"info","message":"Received POST request for /api/auth/register","service":"identity-service","timestamp":"2025-06-19T09:43:30.144Z"}
{"level":"info","message":"Request body: {\"username\":\"Amit Kumar\",\"email\":\"amit@amit.com\",\"password\":\"TEST@123test\"}","service":"identity-service","timestamp":"2025-06-19T09:43:30.144Z"}
{"level":"info","message":"Register user","service":"identity-service","timestamp":"2025-06-19T09:43:30.146Z"}
{"buffer":{"data":[104,83,219,194,10,41,234,161,25,157,248,72],"type":"Buffer"},"level":"info","message":"User created","service":"identity-service","timestamp":"2025-06-19T09:43:30.158Z"}
{"level":"info","message":"Server is running on port 3001","service":"identity-service","timestamp":"2025-06-19T09:58:16.031Z"}
{"level":"info","message":"Connected to MongoDB","service":"identity-service","timestamp":"2025-06-19T09:58:16.042Z"}
{"level":"info","message":"Server is running on port 3001","service":"identity-service","timestamp":"2025-06-19T10:15:56.251Z"}
{"level":"info","message":"Connected to MongoDB","service":"identity-service","timestamp":"2025-06-19T10:15:56.262Z"}
{"level":"info","message":"Server is running on port 3001","service":"identity-service","timestamp":"2025-06-19T10:16:33.101Z"}
{"level":"info","message":"Connected to MongoDB","service":"identity-service","timestamp":"2025-06-19T10:16:33.112Z"}
{"level":"info","message":"Server is running on port 3001","service":"identity-service","timestamp":"2025-06-19T10:20:13.695Z"}
{"level":"info","message":"Connected to MongoDB","service":"identity-service","timestamp":"2025-06-19T10:20:13.706Z"}
{"level":"info","message":"Server is running on port 3001","service":"identity-service","timestamp":"2025-06-19T10:21:44.125Z"}
{"level":"info","message":"Connected to MongoDB","service":"identity-service","timestamp":"2025-06-19T10:21:44.136Z"}
{"level":"info","message":"Server is running on port 3001","service":"identity-service","timestamp":"2025-06-19T10:22:16.269Z"}
{"level":"info","message":"Connected to MongoDB","service":"identity-service","timestamp":"2025-06-19T10:22:16.280Z"}
{"level":"info","message":"Server is running on port 3001","service":"identity-service","timestamp":"2025-06-19T10:23:16.134Z"}
{"level":"info","message":"Connected to MongoDB","service":"identity-service","timestamp":"2025-06-19T10:23:16.145Z"}
{"level":"info","message":"Received POST request for /api/auth/login","service":"identity-service","timestamp":"2025-06-19T10:23:35.927Z"}
{"level":"info","message":"Request body: {\"email\":\"amit@amit.com\",\"password\":\"TEST@123test\"}","service":"identity-service","timestamp":"2025-06-19T10:23:35.928Z"}
{"level":"info","message":"Login User...","service":"identity-service","timestamp":"2025-06-19T10:23:35.930Z"}
{"level":"error","message":"Error Login user user.comparePassword is not a function","service":"identity-service","stack":"TypeError: user.comparePassword is not a function\n    at loginUser (C:\\Users\\Administrator\\Desktop\\test\\node_tutorial\\25.social_media_microservices\\identity_service\\src\\controllers\\identity.controller.js:86:40)\n    at process.processTicksAndRejections (node:internal/process/task_queues:105:5)","timestamp":"2025-06-19T10:23:35.942Z"}
{"level":"info","message":"Server is running on port 3001","service":"identity-service","timestamp":"2025-06-19T10:25:45.220Z"}
{"level":"info","message":"Connected to MongoDB","service":"identity-service","timestamp":"2025-06-19T10:25:45.231Z"}
{"level":"info","message":"Received POST request for /api/auth/login","service":"identity-service","timestamp":"2025-06-19T10:25:49.146Z"}
{"level":"info","message":"Request body: {\"email\":\"amit@amit.com\",\"password\":\"TEST@123test\"}","service":"identity-service","timestamp":"2025-06-19T10:25:49.146Z"}
{"level":"info","message":"Login User...","service":"identity-service","timestamp":"2025-06-19T10:25:49.148Z"}
{"level":"error","message":"Error Login user user.comparePassword is not a function","service":"identity-service","stack":"TypeError: user.comparePassword is not a function\n    at loginUser (C:\\Users\\Administrator\\Desktop\\test\\node_tutorial\\25.social_media_microservices\\identity_service\\src\\controllers\\identity.controller.js:86:40)\n    at process.processTicksAndRejections (node:internal/process/task_queues:105:5)","timestamp":"2025-06-19T10:25:49.155Z"}
{"level":"info","message":"Server is running on port 3001","service":"identity-service","timestamp":"2025-06-19T10:26:36.608Z"}
{"level":"info","message":"Connected to MongoDB","service":"identity-service","timestamp":"2025-06-19T10:26:36.619Z"}
{"level":"info","message":"Received POST request for /api/auth/login","service":"identity-service","timestamp":"2025-06-19T10:26:39.053Z"}
{"level":"info","message":"Request body: {\"email\":\"amit@amit.com\",\"password\":\"TEST@123test\"}","service":"identity-service","timestamp":"2025-06-19T10:26:39.054Z"}
{"level":"info","message":"Login User...","service":"identity-service","timestamp":"2025-06-19T10:26:39.055Z"}
{"level":"error","message":"Error Login user User.comparePassword is not a function","service":"identity-service","stack":"TypeError: User.comparePassword is not a function\n    at loginUser (C:\\Users\\Administrator\\Desktop\\test\\node_tutorial\\25.social_media_microservices\\identity_service\\src\\controllers\\identity.controller.js:86:40)\n    at process.processTicksAndRejections (node:internal/process/task_queues:105:5)","timestamp":"2025-06-19T10:26:39.062Z"}
{"level":"info","message":"Received GET request for /api/auth/login","service":"identity-service","timestamp":"2025-06-19T10:27:08.023Z"}
{"level":"info","message":"Request body: {\"email\":\"amit@amit.com\",\"password\":\"TEST@123test\"}","service":"identity-service","timestamp":"2025-06-19T10:27:08.023Z"}
{"level":"info","message":"Received POST request for /api/auth/login","service":"identity-service","timestamp":"2025-06-19T10:27:15.798Z"}
{"level":"info","message":"Request body: {\"email\":\"amit@amit.com\",\"password\":\"TEST@123test\"}","service":"identity-service","timestamp":"2025-06-19T10:27:15.798Z"}
{"level":"info","message":"Login User...","service":"identity-service","timestamp":"2025-06-19T10:27:15.799Z"}
{"level":"error","message":"Error Login user User.comparePassword is not a function","service":"identity-service","stack":"TypeError: User.comparePassword is not a function\n    at loginUser (C:\\Users\\Administrator\\Desktop\\test\\node_tutorial\\25.social_media_microservices\\identity_service\\src\\controllers\\identity.controller.js:86:40)\n    at process.processTicksAndRejections (node:internal/process/task_queues:105:5)","timestamp":"2025-06-19T10:27:15.803Z"}
{"level":"info","message":"Server is running on port 3001","service":"identity-service","timestamp":"2025-06-19T10:27:29.638Z"}
{"level":"info","message":"Connected to MongoDB","service":"identity-service","timestamp":"2025-06-19T10:27:29.650Z"}
{"level":"info","message":"Received POST request for /api/auth/login","service":"identity-service","timestamp":"2025-06-19T10:27:36.217Z"}
{"level":"info","message":"Request body: {\"email\":\"amit@amit.com\",\"password\":\"TEST@123test\"}","service":"identity-service","timestamp":"2025-06-19T10:27:36.217Z"}
{"level":"info","message":"Login User...","service":"identity-service","timestamp":"2025-06-19T10:27:36.219Z"}
{"level":"error","message":"Error Login user user.comparePassword is not a function","service":"identity-service","stack":"TypeError: user.comparePassword is not a function\n    at loginUser (C:\\Users\\Administrator\\Desktop\\test\\node_tutorial\\25.social_media_microservices\\identity_service\\src\\controllers\\identity.controller.js:86:40)\n    at process.processTicksAndRejections (node:internal/process/task_queues:105:5)","timestamp":"2025-06-19T10:27:36.226Z"}
{"level":"info","message":"Server is running on port 3001","service":"identity-service","timestamp":"2025-06-19T10:41:40.071Z"}
{"level":"info","message":"Connected to MongoDB","service":"identity-service","timestamp":"2025-06-19T10:41:40.085Z"}
{"level":"info","message":"Server is running on port 3001","service":"identity-service","timestamp":"2025-06-19T11:45:15.631Z"}
{"level":"info","message":"Connected to MongoDB","service":"identity-service","timestamp":"2025-06-19T11:45:15.641Z"}
{"level":"info","message":"Server is running on port 3001","service":"identity-service","timestamp":"2025-06-19T11:45:21.006Z"}
{"level":"info","message":"Connected to MongoDB","service":"identity-service","timestamp":"2025-06-19T11:45:21.018Z"}
{"level":"info","message":"Received POST request for /api/auth/login","service":"identity-service","timestamp":"2025-06-19T11:47:14.073Z"}
{"level":"info","message":"Request body: {\"email\":\"amit@amit.com\",\"password\":\"TEST@123test\"}","service":"identity-service","timestamp":"2025-06-19T11:47:14.073Z"}
{"level":"info","message":"Login User...","service":"identity-service","timestamp":"2025-06-19T11:47:14.075Z"}
{"level":"error","message":"Error Login user user.comparePassword is not a function","service":"identity-service","stack":"TypeError: user.comparePassword is not a function\n    at loginUser (C:\\Users\\Administrator\\Desktop\\test\\node_tutorial\\25.social_media_microservices\\identity_service\\src\\controllers\\identity.controller.js:86:40)\n    at process.processTicksAndRejections (node:internal/process/task_queues:105:5)","timestamp":"2025-06-19T11:47:14.082Z"}
{"level":"info","message":"Server is running on port 3001","service":"identity-service","timestamp":"2025-06-19T11:48:25.521Z"}
{"level":"info","message":"Server is running on port 3001","service":"identity-service","timestamp":"2025-06-19T11:48:25.521Z"}
{"level":"info","message":"Connected to MongoDB","service":"identity-service","timestamp":"2025-06-19T11:48:25.533Z"}
{"level":"info","message":"Connected to MongoDB","service":"identity-service","timestamp":"2025-06-19T11:48:25.533Z"}
{"level":"info","message":"Server is running on port 3001","service":"identity-service","timestamp":"2025-06-19T11:48:47.556Z"}
{"level":"info","message":"Server is running on port 3001","service":"identity-service","timestamp":"2025-06-19T11:48:47.556Z"}
{"level":"info","message":"Connected to MongoDB","service":"identity-service","timestamp":"2025-06-19T11:48:47.568Z"}
{"level":"info","message":"Connected to MongoDB","service":"identity-service","timestamp":"2025-06-19T11:48:47.568Z"}
{"level":"info","message":"Received POST request for /api/auth/login","service":"identity-service","timestamp":"2025-06-19T11:48:51.465Z"}
{"level":"info","message":"Request body: {\"email\":\"amit@amit.com\",\"password\":\"TEST@123test\"}","service":"identity-service","timestamp":"2025-06-19T11:48:51.465Z"}
{"level":"info","message":"Login User...","service":"identity-service","timestamp":"2025-06-19T11:48:51.467Z"}
{"level":"error","message":"Error Login user pchstr must contain a $ as first char","service":"identity-service","stack":"TypeError: pchstr must contain a $ as first char\n    at deserialize (C:\\Users\\Administrator\\Desktop\\test\\node_tutorial\\25.social_media_microservices\\identity_service\\node_modules\\@phc\\format\\index.js:147:11)\n    at Object.verify (C:\\Users\\Administrator\\Desktop\\test\\node_tutorial\\25.social_media_microservices\\identity_service\\node_modules\\argon2\\argon2.cjs:167:27)\n    at userSchema.methods.comparePassword (C:\\Users\\Administrator\\Desktop\\test\\node_tutorial\\25.social_media_microservices\\identity_service\\src\\models\\user.js:46:25)\n    at loginUser (C:\\Users\\Administrator\\Desktop\\test\\node_tutorial\\25.social_media_microservices\\identity_service\\src\\controllers\\identity.controller.js:86:40)\n    at process.processTicksAndRejections (node:internal/process/task_queues:105:5)","timestamp":"2025-06-19T11:48:51.474Z"}
{"level":"info","message":"Received POST request for /api/auth/login","service":"identity-service","timestamp":"2025-06-19T11:48:52.297Z"}
{"level":"info","message":"Request body: {\"email\":\"amit@amit.com\",\"password\":\"TEST@123test\"}","service":"identity-service","timestamp":"2025-06-19T11:48:52.298Z"}
{"level":"info","message":"Login User...","service":"identity-service","timestamp":"2025-06-19T11:48:52.298Z"}
{"level":"error","message":"Error Login user pchstr must contain a $ as first char","service":"identity-service","stack":"TypeError: pchstr must contain a $ as first char\n    at deserialize (C:\\Users\\Administrator\\Desktop\\test\\node_tutorial\\25.social_media_microservices\\identity_service\\node_modules\\@phc\\format\\index.js:147:11)\n    at Object.verify (C:\\Users\\Administrator\\Desktop\\test\\node_tutorial\\25.social_media_microservices\\identity_service\\node_modules\\argon2\\argon2.cjs:167:27)\n    at userSchema.methods.comparePassword (C:\\Users\\Administrator\\Desktop\\test\\node_tutorial\\25.social_media_microservices\\identity_service\\src\\models\\user.js:46:25)\n    at loginUser (C:\\Users\\Administrator\\Desktop\\test\\node_tutorial\\25.social_media_microservices\\identity_service\\src\\controllers\\identity.controller.js:86:40)\n    at process.processTicksAndRejections (node:internal/process/task_queues:105:5)","timestamp":"2025-06-19T11:48:52.300Z"}
{"level":"info","message":"Received POST request for /api/auth/login","service":"identity-service","timestamp":"2025-06-19T11:49:08.515Z"}
{"level":"info","message":"Request body: {\"email\":\"amit@amit.com\",\"password\":\"TEST@123test\"}","service":"identity-service","timestamp":"2025-06-19T11:49:08.515Z"}
{"level":"info","message":"Login User...","service":"identity-service","timestamp":"2025-06-19T11:49:08.515Z"}
{"level":"error","message":"Error Login user pchstr must contain a $ as first char","service":"identity-service","stack":"TypeError: pchstr must contain a $ as first char\n    at deserialize (C:\\Users\\Administrator\\Desktop\\test\\node_tutorial\\25.social_media_microservices\\identity_service\\node_modules\\@phc\\format\\index.js:147:11)\n    at Object.verify (C:\\Users\\Administrator\\Desktop\\test\\node_tutorial\\25.social_media_microservices\\identity_service\\node_modules\\argon2\\argon2.cjs:167:27)\n    at userSchema.methods.comparePassword (C:\\Users\\Administrator\\Desktop\\test\\node_tutorial\\25.social_media_microservices\\identity_service\\src\\models\\user.js:46:25)\n    at loginUser (C:\\Users\\Administrator\\Desktop\\test\\node_tutorial\\25.social_media_microservices\\identity_service\\src\\controllers\\identity.controller.js:86:40)\n    at process.processTicksAndRejections (node:internal/process/task_queues:105:5)","timestamp":"2025-06-19T11:49:08.517Z"}
{"level":"info","message":"Received POST request for /api/auth/login","service":"identity-service","timestamp":"2025-06-19T11:50:33.205Z"}
{"level":"info","message":"Request body: {\"email\":\"amit@amit.com\",\"password\":\"TEST@123test\"}","service":"identity-service","timestamp":"2025-06-19T11:50:33.205Z"}
{"level":"info","message":"Login User...","service":"identity-service","timestamp":"2025-06-19T11:50:33.206Z"}
{"level":"error","message":"Error Login user pchstr must contain a $ as first char","service":"identity-service","stack":"TypeError: pchstr must contain a $ as first char\n    at deserialize (C:\\Users\\Administrator\\Desktop\\test\\node_tutorial\\25.social_media_microservices\\identity_service\\node_modules\\@phc\\format\\index.js:147:11)\n    at Object.verify (C:\\Users\\Administrator\\Desktop\\test\\node_tutorial\\25.social_media_microservices\\identity_service\\node_modules\\argon2\\argon2.cjs:167:27)\n    at userSchema.methods.comparePassword (C:\\Users\\Administrator\\Desktop\\test\\node_tutorial\\25.social_media_microservices\\identity_service\\src\\models\\user.js:46:25)\n    at loginUser (C:\\Users\\Administrator\\Desktop\\test\\node_tutorial\\25.social_media_microservices\\identity_service\\src\\controllers\\identity.controller.js:86:40)\n    at process.processTicksAndRejections (node:internal/process/task_queues:105:5)","timestamp":"2025-06-19T11:50:33.207Z"}
{"level":"info","message":"Server is running on port 3001","service":"identity-service","timestamp":"2025-06-19T11:50:39.697Z"}
{"level":"info","message":"Connected to MongoDB","service":"identity-service","timestamp":"2025-06-19T11:50:39.708Z"}
{"level":"info","message":"Server is running on port 3001","service":"identity-service","timestamp":"2025-06-19T11:50:58.007Z"}
{"level":"info","message":"Connected to MongoDB","service":"identity-service","timestamp":"2025-06-19T11:50:58.017Z"}
{"level":"info","message":"Server is running on port 3001","service":"identity-service","timestamp":"2025-06-19T11:52:00.211Z"}
{"level":"info","message":"Connected to MongoDB","service":"identity-service","timestamp":"2025-06-19T11:52:00.222Z"}
{"level":"info","message":"Received POST request for /api/auth/login","service":"identity-service","timestamp":"2025-06-19T11:52:16.565Z"}
{"level":"info","message":"Request body: {\"email\":\"amit@amit.com\",\"password\":\"TEST@123test\"}","service":"identity-service","timestamp":"2025-06-19T11:52:16.565Z"}
{"level":"info","message":"Login User...","service":"identity-service","timestamp":"2025-06-19T11:52:16.567Z"}
{"level":"error","message":"Error Login user pchstr must contain a $ as first char","service":"identity-service","stack":"TypeError: pchstr must contain a $ as first char\n    at deserialize (C:\\Users\\Administrator\\Desktop\\test\\node_tutorial\\25.social_media_microservices\\identity_service\\node_modules\\@phc\\format\\index.js:147:11)\n    at Object.verify (C:\\Users\\Administrator\\Desktop\\test\\node_tutorial\\25.social_media_microservices\\identity_service\\node_modules\\argon2\\argon2.cjs:167:27)\n    at userSchema.methods.comparePassword (C:\\Users\\Administrator\\Desktop\\test\\node_tutorial\\25.social_media_microservices\\identity_service\\src\\models\\user.js:46:25)\n    at loginUser (C:\\Users\\Administrator\\Desktop\\test\\node_tutorial\\25.social_media_microservices\\identity_service\\src\\controllers\\identity.controller.js:86:40)\n    at process.processTicksAndRejections (node:internal/process/task_queues:105:5)","timestamp":"2025-06-19T11:52:16.575Z"}
{"level":"info","message":"Received POST request for /api/auth/login","service":"identity-service","timestamp":"2025-06-19T11:52:51.653Z"}
{"level":"info","message":"Request body: {\"email\":\"amit@amit.com\",\"password\":\"TEST@\"}","service":"identity-service","timestamp":"2025-06-19T11:52:51.654Z"}
{"level":"info","message":"Login User...","service":"identity-service","timestamp":"2025-06-19T11:52:51.655Z"}
{"0":"\"","1":"p","10":" ","11":"l","12":"e","13":"n","14":"g","15":"t","16":"h","17":" ","18":"m","19":"u","2":"a","20":"s","21":"t","22":" ","23":"b","24":"e","25":" ","26":"a","27":"t","28":" ","29":"l","3":"s","30":"e","31":"a","32":"s","33":"t","34":" ","35":"6","36":" ","37":"c","38":"h","39":"a","4":"s","40":"r","41":"a","42":"c","43":"t","44":"e","45":"r","46":"s","47":" ","48":"l","49":"o","5":"w","50":"n","51":"g","6":"o","7":"r","8":"d","9":"\"","level":"warn","message":"Validation error","service":"identity-service","timestamp":"2025-06-19T11:52:51.657Z"}
{"level":"info","message":"Received POST request for /api/auth/login","service":"identity-service","timestamp":"2025-06-19T11:53:25.793Z"}
{"level":"info","message":"Request body: {\"email\":\"amit@amit.com\",\"password\":\"TEST@123test\"}","service":"identity-service","timestamp":"2025-06-19T11:53:25.793Z"}
{"level":"info","message":"Login User...","service":"identity-service","timestamp":"2025-06-19T11:53:25.794Z"}
{"level":"error","message":"Error Login user pchstr must contain a $ as first char","service":"identity-service","stack":"TypeError: pchstr must contain a $ as first char\n    at deserialize (C:\\Users\\Administrator\\Desktop\\test\\node_tutorial\\25.social_media_microservices\\identity_service\\node_modules\\@phc\\format\\index.js:147:11)\n    at Object.verify (C:\\Users\\Administrator\\Desktop\\test\\node_tutorial\\25.social_media_microservices\\identity_service\\node_modules\\argon2\\argon2.cjs:167:27)\n    at userSchema.methods.comparePassword (C:\\Users\\Administrator\\Desktop\\test\\node_tutorial\\25.social_media_microservices\\identity_service\\src\\models\\user.js:46:25)\n    at loginUser (C:\\Users\\Administrator\\Desktop\\test\\node_tutorial\\25.social_media_microservices\\identity_service\\src\\controllers\\identity.controller.js:86:40)\n    at process.processTicksAndRejections (node:internal/process/task_queues:105:5)","timestamp":"2025-06-19T11:53:25.796Z"}
{"level":"info","message":"Server is running on port 3001","service":"identity-service","timestamp":"2025-06-19T11:54:16.602Z"}
{"level":"info","message":"Connected to MongoDB","service":"identity-service","timestamp":"2025-06-19T11:54:16.613Z"}
{"level":"info","message":"Received POST request for /api/auth/login","service":"identity-service","timestamp":"2025-06-19T11:54:19.621Z"}
{"level":"info","message":"Request body: {\"email\":\"amit@amit.com\",\"password\":\"TEST@123test\"}","service":"identity-service","timestamp":"2025-06-19T11:54:19.621Z"}
{"level":"info","message":"Login User...","service":"identity-service","timestamp":"2025-06-19T11:54:19.623Z"}
{"level":"error","message":"Error Login user pchstr must contain a $ as first char","service":"identity-service","stack":"TypeError: pchstr must contain a $ as first char\n    at deserialize (C:\\Users\\Administrator\\Desktop\\test\\node_tutorial\\25.social_media_microservices\\identity_service\\node_modules\\@phc\\format\\index.js:147:11)\n    at Object.verify (C:\\Users\\Administrator\\Desktop\\test\\node_tutorial\\25.social_media_microservices\\identity_service\\node_modules\\argon2\\argon2.cjs:167:27)\n    at userSchema.methods.comparePassword (C:\\Users\\Administrator\\Desktop\\test\\node_tutorial\\25.social_media_microservices\\identity_service\\src\\models\\user.js:46:25)\n    at loginUser (C:\\Users\\Administrator\\Desktop\\test\\node_tutorial\\25.social_media_microservices\\identity_service\\src\\controllers\\identity.controller.js:87:40)\n    at process.processTicksAndRejections (node:internal/process/task_queues:105:5)","timestamp":"2025-06-19T11:54:19.630Z"}
{"level":"info","message":"Server is running on port 3001","service":"identity-service","timestamp":"2025-06-19T11:54:41.896Z"}
{"level":"info","message":"Connected to MongoDB","service":"identity-service","timestamp":"2025-06-19T11:54:41.907Z"}
{"level":"info","message":"Server is running on port 3001","service":"identity-service","timestamp":"2025-06-19T11:55:12.836Z"}
{"level":"info","message":"Connected to MongoDB","service":"identity-service","timestamp":"2025-06-19T11:55:12.847Z"}
{"level":"info","message":"Server is running on port 3001","service":"identity-service","timestamp":"2025-06-19T11:55:37.275Z"}
{"level":"info","message":"Connected to MongoDB","service":"identity-service","timestamp":"2025-06-19T11:55:37.286Z"}
{"level":"info","message":"Received POST request for /api/auth/login","service":"identity-service","timestamp":"2025-06-19T11:55:41.923Z"}
{"level":"info","message":"Request body: {\"email\":\"amit@amit.com\",\"password\":\"TEST@123test\"}","service":"identity-service","timestamp":"2025-06-19T11:55:41.923Z"}
{"level":"info","message":"Login User...","service":"identity-service","timestamp":"2025-06-19T11:55:41.925Z"}
{"level":"error","message":"Error Login user: pchstr must contain a $ as first char pchstr must contain a $ as first char","service":"identity-service","stack":"TypeError: pchstr must contain a $ as first char\n    at deserialize (C:\\Users\\Administrator\\Desktop\\test\\node_tutorial\\25.social_media_microservices\\identity_service\\node_modules\\@phc\\format\\index.js:147:11)\n    at Object.verify (C:\\Users\\Administrator\\Desktop\\test\\node_tutorial\\25.social_media_microservices\\identity_service\\node_modules\\argon2\\argon2.cjs:167:27)\n    at userSchema.methods.comparePassword (C:\\Users\\Administrator\\Desktop\\test\\node_tutorial\\25.social_media_microservices\\identity_service\\src\\models\\user.js:46:25)\n    at loginUser (C:\\Users\\Administrator\\Desktop\\test\\node_tutorial\\25.social_media_microservices\\identity_service\\src\\controllers\\identity.controller.js:86:40)\n    at process.processTicksAndRejections (node:internal/process/task_queues:105:5)","timestamp":"2025-06-19T11:55:41.932Z"}
{"level":"info","message":"Server is running on port 3001","service":"identity-service","timestamp":"2025-06-19T13:17:53.458Z"}
{"level":"info","message":"Connected to MongoDB","service":"identity-service","timestamp":"2025-06-19T13:17:53.469Z"}
{"level":"info","message":"Received POST request for /api/auth/login","service":"identity-service","timestamp":"2025-06-19T13:18:00.886Z"}
{"level":"info","message":"Request body: {\"email\":\"amit@amit.com\",\"password\":\"TEST@123test\"}","service":"identity-service","timestamp":"2025-06-19T13:18:00.887Z"}
{"level":"info","message":"Login User...","service":"identity-service","timestamp":"2025-06-19T13:18:00.888Z"}
{"level":"error","message":"Error Login user: pchstr must contain a $ as first char pchstr must contain a $ as first char","service":"identity-service","stack":"TypeError: pchstr must contain a $ as first char\n    at deserialize (C:\\Users\\Administrator\\Desktop\\test\\node_tutorial\\25.social_media_microservices\\identity_service\\node_modules\\@phc\\format\\index.js:147:11)\n    at Object.verify (C:\\Users\\Administrator\\Desktop\\test\\node_tutorial\\25.social_media_microservices\\identity_service\\node_modules\\argon2\\argon2.cjs:167:27)\n    at userSchema.methods.comparePassword (C:\\Users\\Administrator\\Desktop\\test\\node_tutorial\\25.social_media_microservices\\identity_service\\src\\models\\user.js:58:25)\n    at loginUser (C:\\Users\\Administrator\\Desktop\\test\\node_tutorial\\25.social_media_microservices\\identity_service\\src\\controllers\\identity.controller.js:86:40)\n    at process.processTicksAndRejections (node:internal/process/task_queues:105:5)","timestamp":"2025-06-19T13:18:00.895Z"}
{"level":"info","message":"Server is running on port 3001","service":"identity-service","timestamp":"2025-06-19T13:18:21.801Z"}
{"level":"info","message":"Connected to MongoDB","service":"identity-service","timestamp":"2025-06-19T13:18:21.813Z"}
{"level":"info","message":"Received POST request for /api/auth/login","service":"identity-service","timestamp":"2025-06-19T13:18:23.127Z"}
{"level":"info","message":"Request body: {\"email\":\"amit@amit.com\",\"password\":\"TEST@123test\"}","service":"identity-service","timestamp":"2025-06-19T13:18:23.127Z"}
{"level":"info","message":"Login User...","service":"identity-service","timestamp":"2025-06-19T13:18:23.128Z"}
{"level":"error","message":"Error Login user: pchstr must contain a $ as first char pchstr must contain a $ as first char","service":"identity-service","stack":"TypeError: pchstr must contain a $ as first char\n    at deserialize (C:\\Users\\Administrator\\Desktop\\test\\node_tutorial\\25.social_media_microservices\\identity_service\\node_modules\\@phc\\format\\index.js:147:11)\n    at Object.verify (C:\\Users\\Administrator\\Desktop\\test\\node_tutorial\\25.social_media_microservices\\identity_service\\node_modules\\argon2\\argon2.cjs:167:27)\n    at userSchema.methods.comparePassword (C:\\Users\\Administrator\\Desktop\\test\\node_tutorial\\25.social_media_microservices\\identity_service\\src\\models\\user.js:47:25)\n    at loginUser (C:\\Users\\Administrator\\Desktop\\test\\node_tutorial\\25.social_media_microservices\\identity_service\\src\\controllers\\identity.controller.js:86:40)\n    at process.processTicksAndRejections (node:internal/process/task_queues:105:5)","timestamp":"2025-06-19T13:18:23.136Z"}
{"level":"info","message":"Received POST request for /api/auth/login","service":"identity-service","timestamp":"2025-06-19T13:18:24.002Z"}
{"level":"info","message":"Request body: {\"email\":\"amit@amit.com\",\"password\":\"TEST@123test\"}","service":"identity-service","timestamp":"2025-06-19T13:18:24.003Z"}
{"level":"info","message":"Login User...","service":"identity-service","timestamp":"2025-06-19T13:18:24.003Z"}
{"level":"error","message":"Error Login user: pchstr must contain a $ as first char pchstr must contain a $ as first char","service":"identity-service","stack":"TypeError: pchstr must contain a $ as first char\n    at deserialize (C:\\Users\\Administrator\\Desktop\\test\\node_tutorial\\25.social_media_microservices\\identity_service\\node_modules\\@phc\\format\\index.js:147:11)\n    at Object.verify (C:\\Users\\Administrator\\Desktop\\test\\node_tutorial\\25.social_media_microservices\\identity_service\\node_modules\\argon2\\argon2.cjs:167:27)\n    at userSchema.methods.comparePassword (C:\\Users\\Administrator\\Desktop\\test\\node_tutorial\\25.social_media_microservices\\identity_service\\src\\models\\user.js:47:25)\n    at loginUser (C:\\Users\\Administrator\\Desktop\\test\\node_tutorial\\25.social_media_microservices\\identity_service\\src\\controllers\\identity.controller.js:86:40)\n    at process.processTicksAndRejections (node:internal/process/task_queues:105:5)","timestamp":"2025-06-19T13:18:24.005Z"}
{"level":"info","message":"Server is running on port 3001","service":"identity-service","timestamp":"2025-06-19T13:19:50.009Z"}
{"level":"info","message":"Connected to MongoDB","service":"identity-service","timestamp":"2025-06-19T13:19:50.019Z"}
{"level":"info","message":"Received POST request for /api/auth/login","service":"identity-service","timestamp":"2025-06-19T13:19:56.564Z"}
{"level":"info","message":"Request body: {\"email\":\"amit@amit.com\",\"password\":\"TEST@123test\"}","service":"identity-service","timestamp":"2025-06-19T13:19:56.564Z"}
{"level":"info","message":"Login User...","service":"identity-service","timestamp":"2025-06-19T13:19:56.566Z"}
{"level":"error","message":"Error Login user: pchstr must contain a $ as first char pchstr must contain a $ as first char","service":"identity-service","stack":"TypeError: pchstr must contain a $ as first char\n    at deserialize (C:\\Users\\Administrator\\Desktop\\test\\node_tutorial\\25.social_media_microservices\\identity_service\\node_modules\\@phc\\format\\index.js:147:11)\n    at Object.verify (C:\\Users\\Administrator\\Desktop\\test\\node_tutorial\\25.social_media_microservices\\identity_service\\node_modules\\argon2\\argon2.cjs:167:27)\n    at userSchema.methods.comparePassword (C:\\Users\\Administrator\\Desktop\\test\\node_tutorial\\25.social_media_microservices\\identity_service\\src\\models\\user.js:47:25)\n    at loginUser (C:\\Users\\Administrator\\Desktop\\test\\node_tutorial\\25.social_media_microservices\\identity_service\\src\\controllers\\identity.controller.js:86:40)\n    at process.processTicksAndRejections (node:internal/process/task_queues:105:5)","timestamp":"2025-06-19T13:19:56.573Z"}
{"level":"info","message":"Received POST request for /api/auth/register","service":"identity-service","timestamp":"2025-06-19T13:47:57.536Z"}
{"level":"info","message":"Request body: {\"username\":\"uday Shanker Purbey\",\"email\":\"uday@uday.com\",\"password\":\"TEST@123test\"}","service":"identity-service","timestamp":"2025-06-19T13:47:57.536Z"}
{"level":"info","message":"Register user","service":"identity-service","timestamp":"2025-06-19T13:47:57.538Z"}
{"buffer":{"data":[104,84,21,13,0,38,63,172,104,169,195,206],"type":"Buffer"},"level":"info","message":"User created","service":"identity-service","timestamp":"2025-06-19T13:47:57.584Z"}
{"level":"info","message":"Received POST request for /api/auth/login","service":"identity-service","timestamp":"2025-06-19T13:48:16.024Z"}
{"level":"info","message":"Request body: {\"email\":\"amit@amit.com\",\"password\":\"TEST@123test\"}","service":"identity-service","timestamp":"2025-06-19T13:48:16.024Z"}
{"level":"info","message":"Login User...","service":"identity-service","timestamp":"2025-06-19T13:48:16.025Z"}
{"level":"warn","message":"User not found","service":"identity-service","timestamp":"2025-06-19T13:48:16.026Z"}
{"level":"info","message":"Received POST request for /api/auth/login","service":"identity-service","timestamp":"2025-06-19T13:48:17.439Z"}
{"level":"info","message":"Request body: {\"email\":\"amit@amit.com\",\"password\":\"TEST@123test\"}","service":"identity-service","timestamp":"2025-06-19T13:48:17.440Z"}
{"level":"info","message":"Login User...","service":"identity-service","timestamp":"2025-06-19T13:48:17.441Z"}
{"level":"warn","message":"User not found","service":"identity-service","timestamp":"2025-06-19T13:48:17.442Z"}
{"level":"info","message":"Received POST request for /api/auth/login","service":"identity-service","timestamp":"2025-06-19T13:48:34.136Z"}
{"level":"info","message":"Request body: {\"email\":\"uday@uday.com\",\"password\":\"TEST@123test\"}","service":"identity-service","timestamp":"2025-06-19T13:48:34.137Z"}
{"level":"info","message":"Login User...","service":"identity-service","timestamp":"2025-06-19T13:48:34.137Z"}
{"level":"info","message":"Server is running on port 3001","service":"identity-service","timestamp":"2025-06-19T13:50:38.796Z"}
{"level":"info","message":"Connected to MongoDB","service":"identity-service","timestamp":"2025-06-19T13:50:38.807Z"}
{"level":"info","message":"Received POST request for /api/auth/register","service":"identity-service","timestamp":"2025-06-19T13:53:26.858Z"}
{"level":"info","message":"Request body: {\"username\":\"Amit Kumar\",\"email\":\"amit@amit.com\",\"password\":\"TEST@123test\"}","service":"identity-service","timestamp":"2025-06-19T13:53:26.858Z"}
{"level":"info","message":"Register user","service":"identity-service","timestamp":"2025-06-19T13:53:26.861Z"}
{"buffer":{"data":[104,84,22,86,171,155,6,87,34,69,72,201],"type":"Buffer"},"level":"info","message":"User created","service":"identity-service","timestamp":"2025-06-19T13:53:26.902Z"}
{"level":"info","message":"Received POST request for /api/auth/login","service":"identity-service","timestamp":"2025-06-19T13:53:44.879Z"}
{"level":"info","message":"Request body: {\"email\":\"uday@uday.com\",\"password\":\"TEST@123test\"}","service":"identity-service","timestamp":"2025-06-19T13:53:44.879Z"}
{"level":"info","message":"Login User...","service":"identity-service","timestamp":"2025-06-19T13:53:44.881Z"}
{"level":"info","message":"Server is running on port 3001","service":"identity-service","timestamp":"2025-06-19T13:54:58.123Z"}
{"level":"info","message":"Connected to MongoDB","service":"identity-service","timestamp":"2025-06-19T13:54:58.134Z"}
{"level":"info","message":"Server is running on port 3001","service":"identity-service","timestamp":"2025-06-19T13:56:02.141Z"}
{"level":"info","message":"Connected to MongoDB","service":"identity-service","timestamp":"2025-06-19T13:56:02.152Z"}
{"level":"info","message":"Server is running on port 3001","service":"identity-service","timestamp":"2025-06-19T14:06:12.247Z"}
{"level":"info","message":"Connected to MongoDB","service":"identity-service","timestamp":"2025-06-19T14:06:12.258Z"}
{"level":"info","message":"Server is running on port 3001","service":"identity-service","timestamp":"2025-06-19T14:06:18.466Z"}
{"level":"info","message":"Connected to MongoDB","service":"identity-service","timestamp":"2025-06-19T14:06:18.477Z"}
{"level":"info","message":"Received POST request for /api/auth/login","service":"identity-service","timestamp":"2025-06-19T14:06:51.195Z"}
{"level":"info","message":"Request body: {\"email\":\"uday@uday.com\",\"password\":\"TEST@123test\"}","service":"identity-service","timestamp":"2025-06-19T14:06:51.196Z"}
{"level":"info","message":"Login User...","service":"identity-service","timestamp":"2025-06-19T14:06:51.197Z"}
{"level":"info","message":"Server is running on port 3001","service":"identity-service","timestamp":"2025-06-19T14:09:17.585Z"}
{"level":"info","message":"Connected to MongoDB","service":"identity-service","timestamp":"2025-06-19T14:09:17.596Z"}
{"level":"info","message":"Received POST request for /api/auth/register","service":"identity-service","timestamp":"2025-06-19T14:09:24.006Z"}
{"level":"info","message":"Request body: {\"username\":\"Amit Kumar\",\"email\":\"amit@amit.com\",\"password\":\"TEST@123test\"}","service":"identity-service","timestamp":"2025-06-19T14:09:24.006Z"}
{"level":"info","message":"Register user","service":"identity-service","timestamp":"2025-06-19T14:09:24.008Z"}
{"buffer":{"data":[104,84,26,20,124,191,56,236,146,67,243,15],"type":"Buffer"},"level":"info","message":"User created","service":"identity-service","timestamp":"2025-06-19T14:09:24.049Z"}
{"level":"info","message":"Server is running on port 3001","service":"identity-service","timestamp":"2025-06-23T06:33:34.461Z"}
{"level":"info","message":"Connected to MongoDB","service":"identity-service","timestamp":"2025-06-23T06:33:34.475Z"}
{"level":"info","message":"Server is running on port 3001","service":"identity-service","timestamp":"2025-06-23T06:36:43.710Z"}
{"level":"info","message":"Connected to MongoDB","service":"identity-service","timestamp":"2025-06-23T06:36:43.721Z"}
{"level":"info","message":"Received GET request for /api/auth/login","service":"identity-service","timestamp":"2025-06-23T06:36:45.266Z"}
{"level":"info","message":"Request body: {}","service":"identity-service","timestamp":"2025-06-23T06:36:45.267Z"}
{"level":"info","message":"Received POST request for /api/auth/login","service":"identity-service","timestamp":"2025-06-23T06:36:49.511Z"}
{"level":"info","message":"Request body: {\"email\":\"uday@uday.com\",\"password\":\"TEST@123test\"}","service":"identity-service","timestamp":"2025-06-23T06:36:49.512Z"}
{"level":"info","message":"Login User...","service":"identity-service","timestamp":"2025-06-23T06:36:49.512Z"}
{"level":"warn","message":"User not found","service":"identity-service","timestamp":"2025-06-23T06:36:49.532Z"}
{"level":"info","message":"Received POST request for /api/auth/login","service":"identity-service","timestamp":"2025-06-23T06:37:38.025Z"}
{"level":"info","message":"Request body: {\"email\":\"amit@amit.com\",\"password\":\"TEST@123test\"}","service":"identity-service","timestamp":"2025-06-23T06:37:38.025Z"}
{"level":"info","message":"Login User...","service":"identity-service","timestamp":"2025-06-23T06:37:38.026Z"}
{"level":"info","message":"Received POST request for /api/auth/login","service":"identity-service","timestamp":"2025-06-23T06:37:43.606Z"}
{"level":"info","message":"Request body: {\"email\":\"amit@amit.com\",\"password\":\"TEST@123test\"}","service":"identity-service","timestamp":"2025-06-23T06:37:43.606Z"}
{"level":"info","message":"Login User...","service":"identity-service","timestamp":"2025-06-23T06:37:43.606Z"}
{"level":"info","message":"Server is running on port 3001","service":"identity-service","timestamp":"2025-06-23T06:38:48.214Z"}
{"level":"info","message":"Connected to MongoDB","service":"identity-service","timestamp":"2025-06-23T06:38:48.225Z"}
{"level":"info","message":"Received POST request for /api/auth/login","service":"identity-service","timestamp":"2025-06-23T06:38:56.247Z"}
{"level":"info","message":"Request body: {\"email\":\"amit@amit.com\",\"password\":\"TEST@123test\"}","service":"identity-service","timestamp":"2025-06-23T06:38:56.248Z"}
{"level":"info","message":"Login User...","service":"identity-service","timestamp":"2025-06-23T06:38:56.251Z"}
{"level":"info","message":"Received POST request for /api/auth/login","service":"identity-service","timestamp":"2025-06-23T06:38:57.273Z"}
{"level":"info","message":"Request body: {\"email\":\"amit@amit.com\",\"password\":\"TEST@123test\"}","service":"identity-service","timestamp":"2025-06-23T06:38:57.273Z"}
{"level":"info","message":"Login User...","service":"identity-service","timestamp":"2025-06-23T06:38:57.275Z"}
{"level":"info","message":"Received POST request for /api/auth/login","service":"identity-service","timestamp":"2025-06-23T06:38:58.166Z"}
{"level":"info","message":"Request body: {\"email\":\"amit@amit.com\",\"password\":\"TEST@123test\"}","service":"identity-service","timestamp":"2025-06-23T06:38:58.167Z"}
{"level":"info","message":"Login User...","service":"identity-service","timestamp":"2025-06-23T06:38:58.168Z"}
{"level":"info","message":"Received POST request for /api/auth/login","service":"identity-service","timestamp":"2025-06-23T06:38:59.012Z"}
{"level":"info","message":"Request body: {\"email\":\"amit@amit.com\",\"password\":\"TEST@123test\"}","service":"identity-service","timestamp":"2025-06-23T06:38:59.013Z"}
{"level":"info","message":"Login User...","service":"identity-service","timestamp":"2025-06-23T06:38:59.013Z"}
{"level":"info","message":"Received POST request for /api/auth/login","service":"identity-service","timestamp":"2025-06-23T06:39:06.338Z"}
{"level":"info","message":"Request body: {\"email\":\"amit@amit.com\",\"password\":\"TEST@123test\"}","service":"identity-service","timestamp":"2025-06-23T06:39:06.339Z"}
{"level":"info","message":"Login User...","service":"identity-service","timestamp":"2025-06-23T06:39:06.339Z"}
{"level":"info","message":"Server is running on port 3001","service":"identity-service","timestamp":"2025-06-23T06:40:17.137Z"}
{"level":"info","message":"Connected to MongoDB","service":"identity-service","timestamp":"2025-06-23T06:40:17.148Z"}
{"level":"info","message":"Received GET request for /api/auth/refreshToken","service":"identity-service","timestamp":"2025-06-23T06:41:39.237Z"}
{"level":"info","message":"Request body: {\"refreshToken\":\"643f7d5de2ddd22d92ae43f3baee7fcf7e4f45906788a8c2f1a2eb6677ffb8932c2d0ddab82b7b8c\"}","service":"identity-service","timestamp":"2025-06-23T06:41:39.238Z"}
{"level":"info","message":"Received POST request for /api/auth/refreshToken","service":"identity-service","timestamp":"2025-06-23T06:41:44.823Z"}
{"level":"info","message":"Request body: {\"refreshToken\":\"643f7d5de2ddd22d92ae43f3baee7fcf7e4f45906788a8c2f1a2eb6677ffb8932c2d0ddab82b7b8c\"}","service":"identity-service","timestamp":"2025-06-23T06:41:44.823Z"}
{"level":"info","message":"Refresh token","service":"identity-service","timestamp":"2025-06-23T06:41:44.824Z"}
{"level":"info","message":"Received POST request for /api/auth/logout","service":"identity-service","timestamp":"2025-06-23T06:43:37.332Z"}
{"level":"info","message":"Request body: {\"refreshToken\":\"643f7d5de2ddd22d92ae43f3baee7fcf7e4f45906788a8c2f1a2eb6677ffb8932c2d0ddab82b7b8c\"}","service":"identity-service","timestamp":"2025-06-23T06:43:37.332Z"}
{"level":"info","message":"Logout User...","service":"identity-service","timestamp":"2025-06-23T06:43:37.333Z"}
{"level":"info","message":"Logout successful","service":"identity-service","timestamp":"2025-06-23T06:43:37.335Z"}
{"level":"info","message":"Server is running on port 3001","service":"identity-service","timestamp":"2025-06-23T06:44:38.304Z"}
{"level":"info","message":"Connected to MongoDB","service":"identity-service","timestamp":"2025-06-23T06:44:38.316Z"}
{"level":"info","message":"Received POST request for /api/auth/logout","service":"identity-service","timestamp":"2025-06-23T06:44:39.647Z"}
{"level":"info","message":"Request body: {\"refreshToken\":\"643f7d5de2ddd22d92ae43f3baee7fcf7e4f45906788a8c2f1a2eb6677ffb8932c2d0ddab82b7b8c\"}","service":"identity-service","timestamp":"2025-06-23T06:44:39.647Z"}
{"level":"info","message":"Logout User...","service":"identity-service","timestamp":"2025-06-23T06:44:39.649Z"}
{"level":"warn","message":"Refresh token not found","service":"identity-service","timestamp":"2025-06-23T06:44:39.653Z"}
{"level":"info","message":"Received POST request for /api/auth/refreshToken","service":"identity-service","timestamp":"2025-06-23T06:44:57.974Z"}
{"level":"info","message":"Request body: {\"refreshToken\":\"643f7d5de2ddd22d92ae43f3baee7fcf7e4f45906788a8c2f1a2eb6677ffb8932c2d0ddab82b7b8c\"}","service":"identity-service","timestamp":"2025-06-23T06:44:57.974Z"}
{"level":"info","message":"Refresh token","service":"identity-service","timestamp":"2025-06-23T06:44:57.975Z"}
{"level":"warn","message":"Refresh token not found or expired","service":"identity-service","timestamp":"2025-06-23T06:44:57.978Z"}
{"level":"info","message":"Received POST request for /api/auth/refreshToken","service":"identity-service","timestamp":"2025-06-23T06:45:11.917Z"}
{"level":"info","message":"Request body: {\"refreshToken\":\"6d85ed272ffa5203ca1656b09c603191e005d16ef7f5057b87890083a3eaddc8ef3e257d4f910184\"}","service":"identity-service","timestamp":"2025-06-23T06:45:11.918Z"}
{"level":"info","message":"Refresh token","service":"identity-service","timestamp":"2025-06-23T06:45:11.918Z"}
{"level":"info","message":"Received POST request for /api/auth/logout","service":"identity-service","timestamp":"2025-06-23T06:45:18.892Z"}
{"level":"info","message":"Request body: {\"refreshToken\":\"9b521857ad74ed90203bd0d77894f264ae9826489e1008c6f26c313e39ca144eed864e6ffef70671\"}","service":"identity-service","timestamp":"2025-06-23T06:45:18.893Z"}
{"level":"info","message":"Logout User...","service":"identity-service","timestamp":"2025-06-23T06:45:18.893Z"}
{"level":"info","message":"Logout successful","service":"identity-service","timestamp":"2025-06-23T06:45:18.896Z"}
