{"level":"info","message":"Api gateway is running on port http://localhost:3000","service":"api-gateway","timestamp":"2025-12-11T10:42:10.531Z"}
{"level":"info","message":"Identity service url : http://localhost:3001/","service":"api-gateway","timestamp":"2025-12-11T10:42:10.536Z"}
{"level":"info","message":"Post service url: http://localhost:3002/","service":"api-gateway","timestamp":"2025-12-11T10:42:10.537Z"}
{"level":"info","message":"Received POST request for /api/auth/login","service":"api-gateway","timestamp":"2025-12-11T10:49:05.151Z"}
{"level":"info","message":"Request body: {\"email\":\"amit@amit.com\",\"password\":\"TEST@123test\"}","service":"api-gateway","timestamp":"2025-12-11T10:49:05.152Z"}
{"level":"info","message":"Received POST request for /v1/auth/login","service":"api-gateway","timestamp":"2025-12-11T10:49:53.070Z"}
{"level":"info","message":"Request body: {\"email\":\"amit@amit.com\",\"password\":\"TEST@123test\"}","service":"api-gateway","timestamp":"2025-12-11T10:49:53.071Z"}
{"level":"info","message":"Responsen Received from identity service: 400","service":"api-gateway","timestamp":"2025-12-11T10:49:53.146Z"}
{"level":"info","message":"Received POST request for /v1/auth/register","service":"api-gateway","timestamp":"2025-12-11T10:50:06.456Z"}
{"level":"info","message":"Request body: {\"username\":\"Amit Kumar 1\",\"email\":\"amit@amit1.com\",\"password\":\"TEST@123test\"}","service":"api-gateway","timestamp":"2025-12-11T10:50:06.457Z"}
{"level":"info","message":"Responsen Received from identity service: 201","service":"api-gateway","timestamp":"2025-12-11T10:50:06.576Z"}
{"level":"info","message":"Received POST request for /v1/auth/login","service":"api-gateway","timestamp":"2025-12-11T10:50:11.373Z"}
{"level":"info","message":"Request body: {\"email\":\"amit@amit.com\",\"password\":\"TEST@123test\"}","service":"api-gateway","timestamp":"2025-12-11T10:50:11.374Z"}
{"level":"info","message":"Responsen Received from identity service: 400","service":"api-gateway","timestamp":"2025-12-11T10:50:11.382Z"}
{"level":"info","message":"Received POST request for /v1/auth/register","service":"api-gateway","timestamp":"2025-12-11T10:50:30.302Z"}
{"level":"info","message":"Request body: {\"username\":\"Amit Kumar\",\"email\":\"amit@amit.com\",\"password\":\"TEST@123test\"}","service":"api-gateway","timestamp":"2025-12-11T10:50:30.303Z"}
{"level":"info","message":"Responsen Received from identity service: 201","service":"api-gateway","timestamp":"2025-12-11T10:50:30.385Z"}
{"level":"info","message":"Received POST request for /v1/auth/login","service":"api-gateway","timestamp":"2025-12-11T10:50:37.008Z"}
{"level":"info","message":"Request body: {\"email\":\"amit@amit.com\",\"password\":\"TEST@123test\"}","service":"api-gateway","timestamp":"2025-12-11T10:50:37.008Z"}
{"level":"info","message":"Responsen Received from identity service: 200","service":"api-gateway","timestamp":"2025-12-11T10:50:37.095Z"}
{"level":"info","message":"Received POST request for /v1/posts/create-post","service":"api-gateway","timestamp":"2025-12-11T10:56:29.310Z"}
{"level":"info","message":"Request body: {\"content\":\"test - 4\"}","service":"api-gateway","timestamp":"2025-12-11T10:56:29.310Z"}
{"level":"info","message":"Responsen Received from post service: 201","service":"api-gateway","timestamp":"2025-12-11T10:56:29.371Z"}
{"level":"info","message":"Received GET request for /v1/posts/all-posts","service":"api-gateway","timestamp":"2025-12-11T10:56:36.269Z"}
{"level":"info","message":"Request body: undefined","service":"api-gateway","timestamp":"2025-12-11T10:56:36.270Z"}
{"level":"info","message":"Responsen Received from post service: 200","service":"api-gateway","timestamp":"2025-12-11T10:56:36.301Z"}
{"level":"info","message":"Received POST request for /v1/posts/create-post","service":"api-gateway","timestamp":"2025-12-11T10:56:41.521Z"}
{"level":"info","message":"Request body: {\"content\":\"test - 4\"}","service":"api-gateway","timestamp":"2025-12-11T10:56:41.522Z"}
{"level":"info","message":"Responsen Received from post service: 201","service":"api-gateway","timestamp":"2025-12-11T10:56:41.533Z"}
{"level":"info","message":"Received POST request for /v1/posts/create-post","service":"api-gateway","timestamp":"2025-12-11T10:56:43.352Z"}
{"level":"info","message":"Request body: {\"content\":\"test - 4\"}","service":"api-gateway","timestamp":"2025-12-11T10:56:43.353Z"}
{"level":"info","message":"Responsen Received from post service: 201","service":"api-gateway","timestamp":"2025-12-11T10:56:43.362Z"}
{"level":"info","message":"Received GET request for /v1/posts/all-posts","service":"api-gateway","timestamp":"2025-12-11T10:56:48.737Z"}
{"level":"info","message":"Request body: undefined","service":"api-gateway","timestamp":"2025-12-11T10:56:48.738Z"}
{"level":"info","message":"Responsen Received from post service: 200","service":"api-gateway","timestamp":"2025-12-11T10:56:48.747Z"}
{"level":"info","message":"Received GET request for /v1/posts/all-posts","service":"api-gateway","timestamp":"2025-12-11T10:57:54.938Z"}
{"level":"info","message":"Request body: undefined","service":"api-gateway","timestamp":"2025-12-11T10:57:54.938Z"}
{"level":"info","message":"Responsen Received from post service: 200","service":"api-gateway","timestamp":"2025-12-11T10:57:54.943Z"}
